<?xml version="1.0" encoding="UTF-8"?>
<testng-results ignored="3" total="5" passed="1" failed="1" skipped="0">
  <reporter-output>
  </reporter-output>
  <suite started-at="2023-04-02T21:39:56 IST" name="Suite" finished-at="2023-04-02T21:41:10 IST" duration-ms="74592">
    <groups>
    </groups>
    <test started-at="2023-04-02T21:39:56 IST" name="Test" finished-at="2023-04-02T21:41:10 IST" duration-ms="74592">
      <class name="com.edusolution.runner.TestNGRunner">
        <test-method is-config="true" signature="beforeTest()[pri:0, instance:com.edusolution.runner.TestNGRunner@9d157ff]" started-at="2023-04-02T21:39:56 IST" name="beforeTest" finished-at="2023-04-02T21:39:56 IST" duration-ms="435" status="PASS">
          <reporter-output>
          </reporter-output>
        </test-method> <!-- beforeTest -->
        <test-method is-config="true" signature="beforeMethod()[pri:0, instance:com.edusolution.runner.TestNGRunner@9d157ff]" started-at="2023-04-02T21:39:58 IST" name="beforeMethod" finished-at="2023-04-02T21:40:11 IST" duration-ms="13611" status="PASS">
          <reporter-output>
          </reporter-output>
        </test-method> <!-- beforeMethod -->
        <test-method signature="gmail(java.util.Map)[pri:0, instance:com.edusolution.runner.TestNGRunner@9d157ff]" started-at="2023-04-02T21:40:11 IST" name="gmail" data-provider="dp" finished-at="2023-04-02T21:40:54 IST" duration-ms="42524" status="FAIL">
          <params>
            <param index="0">
              <value>
                <![CDATA[{Execute=Yes, TestCaseObjective=Verify Login works fine, userID=pradipforselenium@gmail.com, Test case no=1, Password=pradipforselenium11}]]>
              </value>
            </param>
          </params>
          <exception class="java.lang.AssertionError">
            <message>
              <![CDATA[The following asserts failed:
expected [Priya] but found [Pradip]]]>
            </message>
            <full-stacktrace>
              <![CDATA[java.lang.AssertionError: The following asserts failed:
expected [Priya] but found [Pradip]
at org.testng.asserts.SoftAssert.assertAll(SoftAssert.java:46)
at org.testng.asserts.SoftAssert.assertAll(SoftAssert.java:30)
at com.edusolution.pom.Gmail_Login.gmail_Login(Gmail_Login.java:82)
at com.edusolution.runner.TestNGRunner.gmail(TestNGRunner.java:73)
at java.base/jdk.internal.reflect.NativeMethodAccessorImpl.invoke0(Native Method)
at java.base/jdk.internal.reflect.NativeMethodAccessorImpl.invoke(NativeMethodAccessorImpl.java:77)
at java.base/jdk.internal.reflect.DelegatingMethodAccessorImpl.invoke(DelegatingMethodAccessorImpl.java:43)
at java.base/java.lang.reflect.Method.invoke(Method.java:568)
at org.testng.internal.invokers.MethodInvocationHelper.invokeMethod(MethodInvocationHelper.java:139)
at org.testng.internal.invokers.TestInvoker.invokeMethod(TestInvoker.java:677)
at org.testng.internal.invokers.TestInvoker.invokeTestMethod(TestInvoker.java:221)
at org.testng.internal.invokers.MethodRunner.runInSequence(MethodRunner.java:50)
at org.testng.internal.invokers.TestInvoker$MethodInvocationAgent.invoke(TestInvoker.java:962)
at org.testng.internal.invokers.TestInvoker.invokeTestMethods(TestInvoker.java:194)
at org.testng.internal.invokers.TestMethodWorker.invokeTestMethods(TestMethodWorker.java:148)
at org.testng.internal.invokers.TestMethodWorker.run(TestMethodWorker.java:128)
at java.base/java.util.ArrayList.forEach(ArrayList.java:1511)
at org.testng.TestRunner.privateRun(TestRunner.java:806)
at org.testng.TestRunner.run(TestRunner.java:601)
at org.testng.SuiteRunner.runTest(SuiteRunner.java:433)
at org.testng.SuiteRunner.runSequentially(SuiteRunner.java:427)
at org.testng.SuiteRunner.privateRun(SuiteRunner.java:387)
at org.testng.SuiteRunner.run(SuiteRunner.java:330)
at org.testng.SuiteRunnerWorker.runSuite(SuiteRunnerWorker.java:52)
at org.testng.SuiteRunnerWorker.run(SuiteRunnerWorker.java:95)
at org.testng.TestNG.runSuitesSequentially(TestNG.java:1256)
at org.testng.TestNG.runSuitesLocally(TestNG.java:1176)
at org.testng.TestNG.runSuites(TestNG.java:1099)
at org.testng.TestNG.run(TestNG.java:1067)
at org.testng.remote.AbstractRemoteTestNG.run(AbstractRemoteTestNG.java:115)
at org.testng.remote.RemoteTestNG.initAndRun(RemoteTestNG.java:251)
at org.testng.remote.RemoteTestNG.main(RemoteTestNG.java:77)
]]>
            </full-stacktrace>
          </exception> <!-- java.lang.AssertionError -->
          <reporter-output>
          </reporter-output>
        </test-method> <!-- gmail -->
        <test-method is-config="true" signature="afterMethod()[pri:0, instance:com.edusolution.runner.TestNGRunner@9d157ff]" started-at="2023-04-02T21:40:54 IST" name="afterMethod" finished-at="2023-04-02T21:40:54 IST" duration-ms="13" status="PASS">
          <reporter-output>
          </reporter-output>
        </test-method> <!-- afterMethod -->
        <test-method is-config="true" signature="beforeMethod()[pri:0, instance:com.edusolution.runner.TestNGRunner@9d157ff]" started-at="2023-04-02T21:40:54 IST" name="beforeMethod" finished-at="2023-04-02T21:41:10 IST" duration-ms="15428" status="PASS">
          <reporter-output>
          </reporter-output>
        </test-method> <!-- beforeMethod -->
        <test-method signature="gmail(java.util.Map)[pri:0, instance:com.edusolution.runner.TestNGRunner@9d157ff]" started-at="2023-04-02T21:41:10 IST" name="gmail" data-provider="dp" finished-at="2023-04-02T21:41:10 IST" duration-ms="5" status="PASS">
          <params>
            <param index="0">
              <value>
                <![CDATA[{Execute=No, TestCaseObjective=verify login with invalid credentials, userID=priya123@gmail.com, Test case no=2, Password=priya123}]]>
              </value>
            </param>
          </params>
          <reporter-output>
          </reporter-output>
        </test-method> <!-- gmail -->
        <test-method is-config="true" signature="afterMethod()[pri:0, instance:com.edusolution.runner.TestNGRunner@9d157ff]" started-at="2023-04-02T21:41:10 IST" name="afterMethod" finished-at="2023-04-02T21:41:10 IST" duration-ms="2" status="PASS">
          <reporter-output>
          </reporter-output>
        </test-method> <!-- afterMethod -->
        <test-method is-config="true" signature="afterTest()[pri:0, instance:com.edusolution.runner.TestNGRunner@9d157ff]" started-at="2023-04-02T21:41:10 IST" name="afterTest" finished-at="2023-04-02T21:41:10 IST" duration-ms="787" status="PASS">
          <reporter-output>
          </reporter-output>
        </test-method> <!-- afterTest -->
      </class> <!-- com.edusolution.runner.TestNGRunner -->
    </test> <!-- Test -->
  </suite> <!-- Suite -->
</testng-results>
